<?xml version="1.0" encoding="UTF-8"?>
<testng-results skipped="0" failed="0" ignored="0" total="0" passed="0">
  <reporter-output>
  </reporter-output>
  <suite name="FREE CRM Application Test Automation Test Suite" duration-ms="10" started-at="2020-06-30T16:42:57 PDT" finished-at="2020-06-30T16:42:57 PDT">
    <groups>
    </groups>
    <test name="Skynet test" duration-ms="10" started-at="2020-06-30T16:42:57 PDT" finished-at="2020-06-30T16:42:57 PDT">
    </test> <!-- Skynet test -->
  </suite> <!-- FREE CRM Application Test Automation Test Suite -->
</testng-results>
